<?xml version="1.0" encoding="UTF-8"?>
<!-- Generated by org.testng.reporters.JUnitXMLReporter -->
<testsuite ignored="1" hostname="DESKTOP-332QHER" failures="0" tests="5" name="Default test" time="0.116" errors="0" timestamp="2026-07-16T12:01:39 IST">
  <testcase classname="LearningTestNG.DailyRoutine_Flags" name="breakfast" time="0.023"/>
  <testcase classname="LearningTestNG.DailyRoutine_Flags" name="breakfast" time="0.002"/>
  <testcase classname="LearningTestNG.DailyRoutine_Flags" name="breakfast" time="0.003"/>
  <testcase classname="LearningTestNG.DailyRoutine_Flags" name="chicken" time="0.002"/>
  <testcase classname="LearningTestNG.DailyRoutine_Flags" name="chicken" time="0.002"/>
  <testcase classname="LearningTestNG.DailyRoutine_Flags" name="Study" time="0.0">
    <ignored/>
  </testcase> <!-- Study -->
</testsuite> <!-- Default test -->
