<?xml version="1.0" encoding="UTF-8"?>
<!-- Generated by org.testng.reporters.JUnitXMLReporter -->
<testsuite ignored="0" hostname="DESKTOP-332QHER" failures="0" tests="3" name="Test" time="119.401" errors="0" timestamp="2026-07-14T12:47:26 IST">
  <testcase classname="BatchExecution.Ts_03$Ts_02" name="CreateProduct" time="9.222"/>
  <testcase classname="BatchExecution.Ts_02" name="CreateContact" time="16.017"/>
  <testcase classname="BatchExecution.Ts_01" name="CreateOrg" time="9.575"/>
</testsuite> <!-- Test -->
