<?xml version="1.0" encoding="UTF-8"?>
<!-- Generated by org.testng.reporters.JUnitReportReporter -->
<testsuite hostname="DESKTOP-332QHER" failures="0" tests="3" name="LearningTestNG.LearningHardAssert" time="10.314" errors="0" timestamp="2026-07-15T12:59:05 IST" skipped="0">
  <testcase classname="LearningTestNG.LearningHardAssert" name="task1" time="0.014"/>
  <testcase classname="LearningTestNG.LearningHardAssert" name="task3" time="3.923"/>
  <testcase classname="LearningTestNG.LearningHardAssert" name="task2" time="6.377"/>
</testsuite> <!-- LearningTestNG.LearningHardAssert -->
