<?xml version="1.0" encoding="UTF-8"?>
<!-- Generated by org.testng.reporters.JUnitReportReporter -->
<testsuite hostname="DESKTOP-332QHER" failures="0" tests="1" name="BatchExecution.Ts_03$Ts_02" time="28.379" errors="0" timestamp="2026-07-14T12:47:26 IST" skipped="0">
  <testcase classname="BatchExecution.Ts_03$Ts_02" name="CreateProduct" time="28.379">
    <system-out>
      <![CDATA[Created Product !!]]>
    </system-out>
  </testcase> <!-- CreateProduct -->
  <system-out>
    <![CDATA[Nav to app via url
Un Entered !!
Password entered !!
Created Product !!
SignOut SuccessFull !!
Closed!!
Nav to app via url
Un Entered !!
Password entered !!
 Created Contact !!
SignOut SuccessFull !!
Closed!!
Nav to app via url
Un Entered !!
Password entered !!
Org created !!
SignOut SuccessFull !!
Closed!!]]>
  </system-out>
</testsuite> <!-- BatchExecution.Ts_03$Ts_02 -->
