<?xml version="1.0" encoding="UTF-8"?>
<!-- Generated by org.testng.reporters.JUnitReportReporter -->
<testsuite hostname="DESKTOP-332QHER" failures="0" tests="3" name="LearningTestNG.Task" time="0.025" errors="0" timestamp="2026-07-13T13:36:28 IST" skipped="0">
  <testcase classname="LearningTestNG.Task" name="DeleteOrg" time="0.019">
    <system-out>
      <![CDATA[Org Deleted!!]]>
    </system-out>
  </testcase> <!-- DeleteOrg -->
  <testcase classname="LearningTestNG.Task" name="UpdateOrg" time="0.003">
    <system-out>
      <![CDATA[Updated Successfully !!]]>
    </system-out>
  </testcase> <!-- UpdateOrg -->
  <testcase classname="LearningTestNG.Task" name="createOrg" time="0.003">
    <system-out>
      <![CDATA[Creating ORG Success ]]>
    </system-out>
  </testcase> <!-- createOrg -->
  <system-out>
    <![CDATA[Browser Opened
Browser Maximized
Nav toapp via URL
Enter UN in UN txt Feild
Enter password in password txt field
Click on login button
Org Deleted!!
Click on Sign up button - sign out
Enter UN in UN txt Feild
Enter password in password txt field
Click on login button
Updated Successfully !!
Click on Sign up button - sign out
Enter UN in UN txt Feild
Enter password in password txt field
Click on login button
Creating ORG Success 
Click on Sign up button - sign out
Browser close!]]>
  </system-out>
</testsuite> <!-- LearningTestNG.Task -->
