<?xml version="1.0" encoding="UTF-8"?>
<!-- Generated by org.testng.reporters.JUnitReportReporter -->
<testsuite hostname="DESKTOP-332QHER" failures="0" tests="6" name="LearningTestNG.DailyRoutine_Flags" time="0.032" errors="0" timestamp="2026-07-16T12:01:39 IST" skipped="1">
  <testcase classname="LearningTestNG.DailyRoutine_Flags" name="breakfast" time="0.003">
    <system-out>
      <![CDATA[Dosa]]>
    </system-out>
  </testcase> <!-- breakfast -->
  <testcase classname="LearningTestNG.DailyRoutine_Flags" name="breakfast" time="0.002">
    <system-out>
      <![CDATA[Dosa]]>
    </system-out>
  </testcase> <!-- breakfast -->
  <testcase classname="LearningTestNG.DailyRoutine_Flags" name="breakfast" time="0.023">
    <system-out>
      <![CDATA[Dosa]]>
    </system-out>
  </testcase> <!-- breakfast -->
  <testcase classname="LearningTestNG.DailyRoutine_Flags" name="chicken" time="0.002">
    <system-out>
      <![CDATA[Dosa+chicken]]>
    </system-out>
  </testcase> <!-- chicken -->
  <testcase classname="LearningTestNG.DailyRoutine_Flags" name="chicken" time="0.002">
    <system-out>
      <![CDATA[Dosa+chicken]]>
    </system-out>
  </testcase> <!-- chicken -->
  <testcase classname="LearningTestNG.DailyRoutine_Flags" name="Study">
    <skipped/>
  </testcase> <!-- Study -->
  <system-out>
    <![CDATA[Dosa
Dosa
Dosa
Dosa+chicken
Dosa+chicken]]>
  </system-out>
</testsuite> <!-- LearningTestNG.DailyRoutine_Flags -->
